d:\git-repos\cad2022_e\cad2022_e\x64\debug\vc143.pdb
d:\git-repos\cad2022_e\cad2022_e\x64\debug\vc143.idb
d:\git-repos\cad2022_e\cad2022_e\x64\debug\text.nativecodeanalysis.sarif
d:\git-repos\cad2022_e\cad2022_e\x64\debug\text.nativecodeanalysis.xml
d:\git-repos\cad2022_e\cad2022_e\x64\debug\math.nativecodeanalysis.sarif
d:\git-repos\cad2022_e\cad2022_e\x64\debug\math.nativecodeanalysis.xml
d:\git-repos\cad2022_e\cad2022_e\x64\debug\main.nativecodeanalysis.sarif
d:\git-repos\cad2022_e\cad2022_e\x64\debug\main.nativecodeanalysis.xml
d:\git-repos\cad2022_e\cad2022_e\x64\debug\copper.nativecodeanalysis.sarif
d:\git-repos\cad2022_e\cad2022_e\x64\debug\copper.nativecodeanalysis.xml
d:\git-repos\cad2022_e\cad2022_e\x64\debug\base.nativecodeanalysis.sarif
d:\git-repos\cad2022_e\cad2022_e\x64\debug\base.nativecodeanalysis.xml
d:\git-repos\cad2022_e\cad2022_e\x64\debug\assembly.nativecodeanalysis.sarif
d:\git-repos\cad2022_e\cad2022_e\x64\debug\assembly.nativecodeanalysis.xml
d:\git-repos\cad2022_e\cad2022_e\x64\debug\application.nativecodeanalysis.sarif
d:\git-repos\cad2022_e\cad2022_e\x64\debug\application.nativecodeanalysis.xml
d:\git-repos\cad2022_e\cad2022_e\x64\debug\render.nativecodeanalysis.sarif
d:\git-repos\cad2022_e\cad2022_e\x64\debug\render.nativecodeanalysis.xml
d:\git-repos\cad2022_e\cad2022_e\x64\debug\silkscreen.nativecodeanalysis.sarif
d:\git-repos\cad2022_e\cad2022_e\x64\debug\silkscreen.nativecodeanalysis.xml
d:\git-repos\cad2022_e\cad2022_e\x64\debug\node.nativecodeanalysis.sarif
d:\git-repos\cad2022_e\cad2022_e\x64\debug\node.nativecodeanalysis.xml
d:\git-repos\cad2022_e\cad2022_e\x64\debug\event.nativecodeanalysis.sarif
d:\git-repos\cad2022_e\cad2022_e\x64\debug\event.nativecodeanalysis.xml
d:\git-repos\cad2022_e\cad2022_e\x64\debug\control.nativecodeanalysis.sarif
d:\git-repos\cad2022_e\cad2022_e\x64\debug\control.nativecodeanalysis.xml
d:\git-repos\cad2022_e\cad2022_e\x64\debug\camera.nativecodeanalysis.sarif
d:\git-repos\cad2022_e\cad2022_e\x64\debug\camera.nativecodeanalysis.xml
d:\git-repos\cad2022_e\cad2022_e\x64\debug\arc.nativecodeanalysis.sarif
d:\git-repos\cad2022_e\cad2022_e\x64\debug\arc.nativecodeanalysis.xml
d:\git-repos\cad2022_e\cad2022_e\x64\debug\arc.obj
d:\git-repos\cad2022_e\cad2022_e\x64\debug\camera.obj
d:\git-repos\cad2022_e\cad2022_e\x64\debug\control.obj
d:\git-repos\cad2022_e\cad2022_e\x64\debug\event.obj
d:\git-repos\cad2022_e\cad2022_e\x64\debug\node.obj
d:\git-repos\cad2022_e\cad2022_e\x64\debug\silkscreen.obj
d:\git-repos\cad2022_e\cad2022_e\x64\debug\render.obj
d:\git-repos\cad2022_e\cad2022_e\x64\debug\application.obj
d:\git-repos\cad2022_e\cad2022_e\x64\debug\assembly.obj
d:\git-repos\cad2022_e\cad2022_e\x64\debug\base.obj
d:\git-repos\cad2022_e\cad2022_e\x64\debug\copper.obj
d:\git-repos\cad2022_e\cad2022_e\x64\debug\main.obj
d:\git-repos\cad2022_e\cad2022_e\x64\debug\math.obj
d:\git-repos\cad2022_e\cad2022_e\x64\debug\text.obj
d:\git-repos\cad2022_e\cad2022_e\x64\debug\cad2022_e.ilk
d:\git-repos\cad2022_e\x64\debug\cad2022_e.exe
d:\git-repos\cad2022_e\x64\debug\cad2022_e.pdb
d:\git-repos\cad2022_e\cad2022_e\x64\debug\vc.nativecodeanalysis.all.xml
d:\git-repos\cad2022_e\cad2022_e\x64\debug\cad2022_e.tlog\cl.command.1.tlog
d:\git-repos\cad2022_e\cad2022_e\x64\debug\cad2022_e.tlog\cl.read.1.tlog
d:\git-repos\cad2022_e\cad2022_e\x64\debug\cad2022_e.tlog\cl.write.1.tlog
d:\git-repos\cad2022_e\cad2022_e\x64\debug\cad2022_e.tlog\link.command.1.tlog
d:\git-repos\cad2022_e\cad2022_e\x64\debug\cad2022_e.tlog\link.read.1.tlog
d:\git-repos\cad2022_e\cad2022_e\x64\debug\cad2022_e.tlog\link.write.1.tlog
